C:\Users\User\Desktop\Component 2 use case\backend(MongoDB integrated)\TweetApp\dist\out-tsc\e2e\src\app.po.js
C:\Users\User\Desktop\Component 2 use case\backend(MongoDB integrated)\TweetApp\dist\out-tsc\e2e\src\app.po.js.map
C:\Users\User\Desktop\Component 2 use case\backend(MongoDB integrated)\TweetApp\dist\out-tsc\e2e\src\app.e2e-spec.js
C:\Users\User\Desktop\Component 2 use case\backend(MongoDB integrated)\TweetApp\dist\out-tsc\e2e\src\app.e2e-spec.js.map
C:\Users\User\Desktop\Component 2 use case\backend(MongoDB integrated)\TweetApp\dist\out-tsc\src\app\logged-in-user\user-dashboard\user-dashboard.component.js
C:\Users\User\Desktop\Component 2 use case\backend(MongoDB integrated)\TweetApp\dist\out-tsc\src\app\logged-in-user\user-dashboard\user-dashboard.component.js.map
C:\Users\User\Desktop\Component 2 use case\backend(MongoDB integrated)\TweetApp\dist\out-tsc\src\app\logged-in-user\view-tweets\view-tweets.component.js
C:\Users\User\Desktop\Component 2 use case\backend(MongoDB integrated)\TweetApp\dist\out-tsc\src\app\logged-in-user\view-tweets\view-tweets.component.js.map
C:\Users\User\Desktop\Component 2 use case\backend(MongoDB integrated)\TweetApp\dist\out-tsc\src\app\logged-in-user\view-users\view-users.component.js
C:\Users\User\Desktop\Component 2 use case\backend(MongoDB integrated)\TweetApp\dist\out-tsc\src\app\logged-in-user\view-users\view-users.component.js.map
C:\Users\User\Desktop\Component 2 use case\backend(MongoDB integrated)\TweetApp\dist\out-tsc\src\app\logged-in-user\logged-in-user.module.js
C:\Users\User\Desktop\Component 2 use case\backend(MongoDB integrated)\TweetApp\dist\out-tsc\src\app\logged-in-user\logged-in-user.module.js.map
C:\Users\User\Desktop\Component 2 use case\backend(MongoDB integrated)\TweetApp\dist\out-tsc\src\environments\environment.js
C:\Users\User\Desktop\Component 2 use case\backend(MongoDB integrated)\TweetApp\dist\out-tsc\src\environments\environment.js.map
C:\Users\User\Desktop\Component 2 use case\backend(MongoDB integrated)\TweetApp\dist\out-tsc\src\app\globals\service-global.js
C:\Users\User\Desktop\Component 2 use case\backend(MongoDB integrated)\TweetApp\dist\out-tsc\src\app\globals\service-global.js.map
C:\Users\User\Desktop\Component 2 use case\backend(MongoDB integrated)\TweetApp\dist\out-tsc\src\app\service\login.service.js
C:\Users\User\Desktop\Component 2 use case\backend(MongoDB integrated)\TweetApp\dist\out-tsc\src\app\service\login.service.js.map
C:\Users\User\Desktop\Component 2 use case\backend(MongoDB integrated)\TweetApp\dist\out-tsc\src\app\service\facade-dashboard.service.js
C:\Users\User\Desktop\Component 2 use case\backend(MongoDB integrated)\TweetApp\dist\out-tsc\src\app\service\facade-dashboard.service.js.map
C:\Users\User\Desktop\Component 2 use case\backend(MongoDB integrated)\TweetApp\dist\out-tsc\src\app\login-dashboard\login-dashboard.component.js
C:\Users\User\Desktop\Component 2 use case\backend(MongoDB integrated)\TweetApp\dist\out-tsc\src\app\login-dashboard\login-dashboard.component.js.map
C:\Users\User\Desktop\Component 2 use case\backend(MongoDB integrated)\TweetApp\dist\out-tsc\src\app\app-routing.module.js
C:\Users\User\Desktop\Component 2 use case\backend(MongoDB integrated)\TweetApp\dist\out-tsc\src\app\app-routing.module.js.map
C:\Users\User\Desktop\Component 2 use case\backend(MongoDB integrated)\TweetApp\dist\out-tsc\src\app\app.component.js
C:\Users\User\Desktop\Component 2 use case\backend(MongoDB integrated)\TweetApp\dist\out-tsc\src\app\app.component.js.map
C:\Users\User\Desktop\Component 2 use case\backend(MongoDB integrated)\TweetApp\dist\out-tsc\src\app\app.module.js
C:\Users\User\Desktop\Component 2 use case\backend(MongoDB integrated)\TweetApp\dist\out-tsc\src\app\app.module.js.map
C:\Users\User\Desktop\Component 2 use case\backend(MongoDB integrated)\TweetApp\dist\out-tsc\src\main.js
C:\Users\User\Desktop\Component 2 use case\backend(MongoDB integrated)\TweetApp\dist\out-tsc\src\main.js.map
C:\Users\User\Desktop\Component 2 use case\backend(MongoDB integrated)\TweetApp\dist\out-tsc\src\polyfills.js
C:\Users\User\Desktop\Component 2 use case\backend(MongoDB integrated)\TweetApp\dist\out-tsc\src\polyfills.js.map
C:\Users\User\Desktop\Component 2 use case\backend(MongoDB integrated)\TweetApp\dist\out-tsc\src\test.js
C:\Users\User\Desktop\Component 2 use case\backend(MongoDB integrated)\TweetApp\dist\out-tsc\src\test.js.map
C:\Users\User\Desktop\Component 2 use case\backend(MongoDB integrated)\TweetApp\dist\out-tsc\src\app\app.component.spec.js
C:\Users\User\Desktop\Component 2 use case\backend(MongoDB integrated)\TweetApp\dist\out-tsc\src\app\app.component.spec.js.map
C:\Users\User\Desktop\Component 2 use case\backend(MongoDB integrated)\TweetApp\dist\out-tsc\src\app\logged-in-user\user-dashboard\user-dashboard.component.spec.js
C:\Users\User\Desktop\Component 2 use case\backend(MongoDB integrated)\TweetApp\dist\out-tsc\src\app\logged-in-user\user-dashboard\user-dashboard.component.spec.js.map
C:\Users\User\Desktop\Component 2 use case\backend(MongoDB integrated)\TweetApp\dist\out-tsc\src\app\logged-in-user\view-tweets\view-tweets.component.spec.js
C:\Users\User\Desktop\Component 2 use case\backend(MongoDB integrated)\TweetApp\dist\out-tsc\src\app\logged-in-user\view-tweets\view-tweets.component.spec.js.map
C:\Users\User\Desktop\Component 2 use case\backend(MongoDB integrated)\TweetApp\dist\out-tsc\src\app\logged-in-user\view-users\view-users.component.spec.js
C:\Users\User\Desktop\Component 2 use case\backend(MongoDB integrated)\TweetApp\dist\out-tsc\src\app\logged-in-user\view-users\view-users.component.spec.js.map
C:\Users\User\Desktop\Component 2 use case\backend(MongoDB integrated)\TweetApp\dist\out-tsc\src\app\login-dashboard\login-dashboard.component.spec.js
C:\Users\User\Desktop\Component 2 use case\backend(MongoDB integrated)\TweetApp\dist\out-tsc\src\app\login-dashboard\login-dashboard.component.spec.js.map
C:\Users\User\Desktop\Component 2 use case\backend(MongoDB integrated)\TweetApp\dist\out-tsc\src\app\service\facade-dashboard.service.spec.js
C:\Users\User\Desktop\Component 2 use case\backend(MongoDB integrated)\TweetApp\dist\out-tsc\src\app\service\facade-dashboard.service.spec.js.map
C:\Users\User\Desktop\Component 2 use case\backend(MongoDB integrated)\TweetApp\dist\out-tsc\src\app\service\login.service.spec.js
C:\Users\User\Desktop\Component 2 use case\backend(MongoDB integrated)\TweetApp\dist\out-tsc\src\app\service\login.service.spec.js.map
C:\Users\User\Desktop\Component 2 use case\backend(MongoDB integrated)\TweetApp\dist\out-tsc\src\environments\environment.prod.js
C:\Users\User\Desktop\Component 2 use case\backend(MongoDB integrated)\TweetApp\dist\out-tsc\src\environments\environment.prod.js.map
